<?xml version="1.0" encoding="UTF-8"?>
<!-- Generated by org.testng.reporters.JUnitReportReporter -->
<testsuite hostname="KAN-QALAP108" failures="0" tests="1" name="session_16.createMultipleUser" time="3.549" errors="0" timestamp="2025-02-03T10:25:21 IST" skipped="0">
  <testcase classname="session_16.createMultipleUser" name="createUserUsingJSONList" time="3.549"/>
</testsuite> <!-- session_16.createMultipleUser -->
