<?xml version="1.0" encoding="UTF-8"?>
<!-- Generated by org.testng.reporters.JUnitReportReporter -->
<testsuite hostname="KAN-QALAP108" failures="0" tests="1" name="session_23.DemoTestComplexNestedJSONObject" time="3.865" errors="0" timestamp="2025-03-05T16:32:10 IST" skipped="0">
  <testcase classname="session_23.DemoTestComplexNestedJSONObject" name="createUser" time="3.865"/>
</testsuite> <!-- session_23.DemoTestComplexNestedJSONObject -->
