<?xml version="1.0" encoding="UTF-8"?>
<!-- Generated by org.testng.reporters.JUnitReportReporter -->
<testsuite hostname="KAN-QALAP108" failures="0" tests="1" name="session_13.reqSpecification" time="0.445" errors="0" timestamp="2025-01-28T11:06:48 IST" skipped="0">
  <testcase classname="session_13.reqSpecification" name="retrieveRequestSpecification" time="0.445"/>
</testsuite> <!-- session_13.reqSpecification -->
