<?xml version="1.0" encoding="UTF-8"?>
<!-- Generated by org.testng.reporters.JUnitReportReporter -->
<testsuite hostname="KAN-QALAP108" failures="0" tests="1" name="Seesion_03.Test_DeleteMethod" time="1.671" errors="0" timestamp="2025-01-15T12:01:52 IST" skipped="0">
  <testcase classname="Seesion_03.Test_DeleteMethod" name="test06" time="1.671"/>
</testsuite> <!-- Seesion_03.Test_DeleteMethod -->
