<?xml version="1.0" encoding="UTF-8"?>
<!-- Generated by org.testng.reporters.JUnitReportReporter -->
<testsuite hostname="KAN-QALAP108" failures="0" tests="1" name="session_09.BearerTokenAuth" time="1.600" errors="0" timestamp="2025-01-24T10:36:12 IST" skipped="0">
  <testcase classname="session_09.BearerTokenAuth" name="BearerToken" time="1.600"/>
</testsuite> <!-- session_09.BearerTokenAuth -->
