<?xml version="1.0" encoding="UTF-8"?>
<!-- Generated by org.testng.reporters.JUnitReportReporter -->
<testsuite hostname="KAN-QALAP108" failures="0" tests="1" name="Seesion_03.Test_PatchMethod" time="7.442" errors="0" timestamp="2025-01-15T11:54:51 IST" skipped="0">
  <testcase classname="Seesion_03.Test_PatchMethod" name="test05" time="7.442"/>
</testsuite> <!-- Seesion_03.Test_PatchMethod -->
