<?xml version="1.0" encoding="UTF-8"?>
<!-- Generated by org.testng.reporters.JUnitReportReporter -->
<testsuite hostname="KAN-QALAP108" failures="0" tests="2" name="session_11.Oauth2" time="2.762" errors="0" timestamp="2025-01-27T09:57:09 IST" skipped="0">
  <testcase classname="session_11.Oauth2" name="listInvoice" time="0.472"/>
  <testcase classname="session_11.Oauth2" name="getAccessToken" time="2.290"/>
</testsuite> <!-- session_11.Oauth2 -->
