<?xml version="1.0" encoding="UTF-8"?>
<!-- Generated by org.testng.reporters.JUnitReportReporter -->
<testsuite hostname="KAN-QALAP108" failures="0" tests="4" name="session_19.OwnApiTesting" time="1.057" errors="0" timestamp="2025-02-12T12:23:20 IST" skipped="2">
  <testcase classname="session_19.OwnApiTesting" name="readUserData" time="0.026"/>
  <testcase classname="session_19.OwnApiTesting" name="deleteuserData" time="1.031"/>
  <testcase classname="session_19.OwnApiTesting" name="CreateUserData">
    <skipped/>
  </testcase> <!-- CreateUserData -->
  <testcase classname="session_19.OwnApiTesting" name="putUserData">
    <skipped/>
  </testcase> <!-- putUserData -->
</testsuite> <!-- session_19.OwnApiTesting -->
