<?xml version="1.0" encoding="UTF-8"?>
<!-- Generated by org.testng.reporters.JUnitReportReporter -->
<testsuite hostname="KAN-QALAP108" failures="0" tests="1" name="session_20.SerializationDesirialization" time="2.595" errors="0" timestamp="2025-02-17T12:12:17 IST" skipped="0">
  <testcase classname="session_20.SerializationDesirialization" name="voidCreateJsonObjFromEmployeeClassObj" time="2.595"/>
</testsuite> <!-- session_20.SerializationDesirialization -->
