<?xml version="1.0" encoding="UTF-8"?>
<!-- Generated by org.testng.reporters.JUnitReportReporter -->
<testsuite hostname="KAN-QALAP108" failures="0" tests="1" name="Session_04.CheckForValidResponse" time="2.898" errors="0" timestamp="2025-01-21T16:48:58 IST" skipped="0">
  <testcase classname="Session_04.CheckForValidResponse" name="BDDGetsingleuser" time="2.898"/>
</testsuite> <!-- Session_04.CheckForValidResponse -->
