<?xml version="1.0" encoding="UTF-8"?>
<!-- Generated by org.testng.reporters.JUnitReportReporter -->
<testsuite hostname="KAN-QALAP108" failures="0" tests="1" name="session_06.ValidateJsonResponseBody" time="1.766" errors="0" timestamp="2025-01-23T09:39:20 IST" skipped="0">
  <testcase classname="session_06.ValidateJsonResponseBody" name="UserListResponseBody" time="1.766"/>
</testsuite> <!-- session_06.ValidateJsonResponseBody -->
