<?xml version="1.0" encoding="UTF-8"?>
<!-- Generated by org.testng.reporters.JUnitReportReporter -->
<testsuite hostname="KAN-QALAP108" failures="0" tests="1" name="session_14.xmlReqAndResponse" time="3.932" errors="0" timestamp="2025-01-28T13:05:21 IST" skipped="0">
  <testcase classname="session_14.xmlReqAndResponse" name="AddPetWithXMLPayload" time="3.932"/>
</testsuite> <!-- session_14.xmlReqAndResponse -->
