<?xml version="1.0" encoding="UTF-8"?>
<!-- Generated by org.testng.reporters.JUnitReportReporter -->
<testsuite hostname="KAN-QALAP108" failures="0" tests="1" name="session_17.JacksonApiDemo" time="8.471" errors="0" timestamp="2025-02-04T15:46:50 IST" skipped="0">
  <testcase classname="session_17.JacksonApiDemo" name="createUser" time="8.471"/>
</testsuite> <!-- session_17.JacksonApiDemo -->
