<?xml version="1.0" encoding="UTF-8"?>
<!-- Generated by org.testng.reporters.JUnitReportReporter -->
<testsuite hostname="KAN-QALAP108" failures="0" tests="1" name="FirstGetRequest" time="3.336" errors="0" timestamp="2025-01-09T12:32:38 IST" skipped="0">
  <testcase classname="FirstGetRequest" name="testcase01" time="3.336"/>
</testsuite> <!-- FirstGetRequest -->
