<?xml version="1.0" encoding="UTF-8"?>
<!-- Generated by org.testng.reporters.JUnitReportReporter -->
<testsuite hostname="KAN-QALAP108" failures="0" tests="2" name="Seesion_03.Test_GetMethod" time="3.710" errors="0" timestamp="2025-01-10T11:33:11 IST" skipped="0">
  <testcase classname="Seesion_03.Test_GetMethod" name="test02" time="0.133"/>
  <testcase classname="Seesion_03.Test_GetMethod" name="test01" time="3.577"/>
</testsuite> <!-- Seesion_03.Test_GetMethod -->
