<?xml version="1.0" encoding="UTF-8"?>
<!-- Generated by org.testng.reporters.JUnitReportReporter -->
<testsuite hostname="KAN-QALAP108" failures="0" tests="1" name="session_21.JSONArrayPojoClassDemo" time="2.283" errors="0" timestamp="2025-02-17T16:16:33 IST" skipped="0">
  <testcase classname="session_21.JSONArrayPojoClassDemo" name="ceateEmployeeList" time="2.283"/>
</testsuite> <!-- session_21.JSONArrayPojoClassDemo -->
