<?xml version="1.0" encoding="UTF-8"?>
<!-- Generated by org.testng.reporters.JUnitReportReporter -->
<testsuite hostname="KAN-QALAP108" failures="0" tests="1" name="Seesion_03.Test_PostMethod" time="2.763" errors="0" timestamp="2025-01-10T14:35:41 IST" skipped="0">
  <testcase classname="Seesion_03.Test_PostMethod" name="test03" time="2.763"/>
</testsuite> <!-- Seesion_03.Test_PostMethod -->
