<?xml version="1.0" encoding="UTF-8"?>
<!-- Generated by org.testng.reporters.JUnitReportReporter -->
<testsuite hostname="KAN-QALAP108" failures="0" tests="1" name="session_22.DemoNestedJSONPayload" time="1.726" errors="0" timestamp="2025-02-19T09:55:28 IST" skipped="0">
  <testcase classname="session_22.DemoNestedJSONPayload" name="createUser" time="1.726"/>
</testsuite> <!-- session_22.DemoNestedJSONPayload -->
